This is pdfTeX, Version 3.1415926-2.5-1.40.14 (MiKTeX 2.9) (preloaded format=pdflatex 2014.1.19)  15 JAN 2015 18:22
entering extended mode
**ISJPaper.tex
(C:\TeXlipse\workspace\ISJPaper\src\ISJPaper.tex
LaTeX2e <2011/06/27>
Babel <v3.8m> and hyphenation patterns for english, afrikaans, ancientgreek, ar
abic, armenian, assamese, basque, bengali, bokmal, bulgarian, catalan, coptic, 
croatian, czech, danish, dutch, esperanto, estonian, farsi, finnish, french, ga
lician, german, german-x-2013-05-26, greek, gujarati, hindi, hungarian, iceland
ic, indonesian, interlingua, irish, italian, kannada, kurmanji, latin, latvian,
 lithuanian, malayalam, marathi, mongolian, mongolianlmc, monogreek, ngerman, n
german-x-2013-05-26, nynorsk, oriya, panjabi, pinyin, polish, portuguese, roman
ian, russian, sanskrit, serbian, slovak, slovenian, spanish, swedish, swissgerm
an, tamil, telugu, turkish, turkmen, ukenglish, ukrainian, uppersorbian, usengl
ishmax, welsh, loaded.
(C:\TeXlipse\workspace\ISJPaper\src\elsarticle.cls
Document Class: elsarticle 2009/09/17, 1.20b: Elsevier Ltd
\@bls=\dimen102
("C:\Program Files (x86)\MiKTeX 2.9\tex\latex\base\article.cls"
Document Class: article 2007/10/19 v1.4h Standard LaTeX document class
("C:\Program Files (x86)\MiKTeX 2.9\tex\latex\base\size12.clo"
File: size12.clo 2007/10/19 v1.4h Standard LaTeX file (size option)
)
\c@part=\count79
\c@section=\count80
\c@subsection=\count81
\c@subsubsection=\count82
\c@paragraph=\count83
\c@subparagraph=\count84
\c@figure=\count85
\c@table=\count86
\abovecaptionskip=\skip41
\belowcaptionskip=\skip42
\bibindent=\dimen103
)
("C:\Program Files (x86)\MiKTeX 2.9\tex\latex\graphics\graphicx.sty"
Package: graphicx 1999/02/16 v1.0f Enhanced LaTeX Graphics (DPC,SPQR)

("C:\Program Files (x86)\MiKTeX 2.9\tex\latex\graphics\keyval.sty"
Package: keyval 1999/03/16 v1.13 key=value parser (DPC)
\KV@toks@=\toks14
)
("C:\Program Files (x86)\MiKTeX 2.9\tex\latex\graphics\graphics.sty"
Package: graphics 2009/02/05 v1.0o Standard LaTeX Graphics (DPC,SPQR)

("C:\Program Files (x86)\MiKTeX 2.9\tex\latex\graphics\trig.sty"
Package: trig 1999/03/16 v1.09 sin cos tan (DPC)
)
("C:\Program Files (x86)\MiKTeX 2.9\tex\latex\00miktex\graphics.cfg"
File: graphics.cfg 2007/01/18 v1.5 graphics configuration of teTeX/TeXLive
)
Package graphics Info: Driver file: pdftex.def on input line 91.

("C:\Program Files (x86)\MiKTeX 2.9\tex\latex\pdftex-def\pdftex.def"
File: pdftex.def 2011/05/27 v0.06d Graphics/color for pdfTeX

("C:\Program Files (x86)\MiKTeX 2.9\tex\generic\oberdiek\infwarerr.sty"
Package: infwarerr 2010/04/08 v1.3 Providing info/warning/error messages (HO)
)
("C:\Program Files (x86)\MiKTeX 2.9\tex\generic\oberdiek\ltxcmds.sty"
Package: ltxcmds 2011/11/09 v1.22 LaTeX kernel commands for general use (HO)
)
\Gread@gobject=\count87
))
\Gin@req@height=\dimen104
\Gin@req@width=\dimen105
)
("C:\Program Files (x86)\MiKTeX 2.9\tex\latex\psnfss\pifont.sty"
Package: pifont 2005/04/12 PSNFSS-v9.2a Pi font support (SPQR) 
LaTeX Font Info:    Try loading font information for U+pzd on input line 63.

("C:\Program Files (x86)\MiKTeX 2.9\tex\latex\psnfss\upzd.fd"
File: upzd.fd 2001/06/04 font definitions for U/pzd.
)
LaTeX Font Info:    Try loading font information for U+psy on input line 64.

("C:\Program Files (x86)\MiKTeX 2.9\tex\latex\psnfss\upsy.fd"
File: upsy.fd 2001/06/04 font definitions for U/psy.
))
\c@tnote=\count88
\c@fnote=\count89
\c@cnote=\count90
\c@ead=\count91
\c@author=\count92
\@eadauthor=\toks15
\c@affn=\count93
\absbox=\box26
\keybox=\box27
\Columnwidth=\dimen106
\space@left=\dimen107
\els@boxa=\box28
\els@boxb=\box29
\leftMargin=\dimen108
\@enLab=\toks16
\@sep=\skip43
\@@sep=\skip44

(C:\TeXlipse\workspace\ISJPaper\src\ISJPaper.spl)
(C:\TeXlipse\workspace\ISJPaper\src\natbib.sty
Package: natbib 1998/07/14 6.8c (PWD)
\bibhang=\skip45
\bibsep=\skip46
LaTeX Info: Redefining \cite on input line 467.
\c@NAT@ctr=\count94
)
\splwrite=\write3
\appnamewidth=\dimen109
)
("C:\Program Files (x86)\MiKTeX 2.9\tex\latex\amsfonts\amssymb.sty"
Package: amssymb 2013/01/14 v3.01 AMS font symbols

("C:\Program Files (x86)\MiKTeX 2.9\tex\latex\amsfonts\amsfonts.sty"
Package: amsfonts 2013/01/14 v3.01 Basic AMSFonts support
\@emptytoks=\toks17
\symAMSa=\mathgroup4
\symAMSb=\mathgroup5
LaTeX Font Info:    Overwriting math alphabet `\mathfrak' in version `bold'
(Font)                  U/euf/m/n --> U/euf/b/n on input line 106.
))
("C:\Program Files (x86)\MiKTeX 2.9\tex\latex\base\inputenc.sty"
Package: inputenc 2008/03/30 v1.1d Input encoding file
\inpenc@prehook=\toks18
\inpenc@posthook=\toks19

("C:\Program Files (x86)\MiKTeX 2.9\tex\latex\base\latin1.def"
File: latin1.def 2008/03/30 v1.1d Input encoding file
))
("C:\Program Files (x86)\MiKTeX 2.9\tex\latex\tools\array.sty"
Package: array 2008/09/09 v2.4c Tabular extension package (FMi)
\col@sep=\dimen110
\extrarowheight=\dimen111
\NC@list=\toks20
\extratabsurround=\skip47
\backup@length=\skip48
)
(C:\TeXlipse\workspace\ISJPaper\src\enumitem.sty
Package: enumitem 2011/09/28 v3.5.2 Customized lists
\labelindent=\skip49
\enit@outerparindent=\dimen112
\enit@toks=\toks21
\enit@inbox=\box30
\enitdp@description=\count95
)
(C:\TeXlipse\workspace\ISJPaper\src\ISJPaper.aux)
LaTeX Font Info:    Checking defaults for OML/cmm/m/it on input line 22.
LaTeX Font Info:    ... okay on input line 22.
LaTeX Font Info:    Checking defaults for T1/cmr/m/n on input line 22.
LaTeX Font Info:    ... okay on input line 22.
LaTeX Font Info:    Checking defaults for OT1/cmr/m/n on input line 22.
LaTeX Font Info:    ... okay on input line 22.
LaTeX Font Info:    Checking defaults for OMS/cmsy/m/n on input line 22.
LaTeX Font Info:    ... okay on input line 22.
LaTeX Font Info:    Checking defaults for OMX/cmex/m/n on input line 22.
LaTeX Font Info:    ... okay on input line 22.
LaTeX Font Info:    Checking defaults for U/cmr/m/n on input line 22.
LaTeX Font Info:    ... okay on input line 22.

("C:\Program Files (x86)\MiKTeX 2.9\tex\context\base\supp-pdf.mkii"
[Loading MPS to PDF converter (version 2006.09.02).]
\scratchcounter=\count96
\scratchdimen=\dimen113
\scratchbox=\box31
\nofMPsegments=\count97
\nofMParguments=\count98
\everyMPshowfont=\toks22
\MPscratchCnt=\count99
\MPscratchDim=\dimen114
\MPnumerator=\count100
\makeMPintoPDFobject=\count101
\everyMPtoPDFconversion=\toks23
)
LaTeX Font Info:    Try loading font information for U+msa on input line 72.
 ("C:\Program Files (x86)\MiKTeX 2.9\tex\latex\amsfonts\umsa.fd"
File: umsa.fd 2013/01/14 v3.01 AMS symbols A
)
LaTeX Font Info:    Try loading font information for U+msb on input line 72.

("C:\Program Files (x86)\MiKTeX 2.9\tex\latex\amsfonts\umsb.fd"
File: umsb.fd 2013/01/14 v3.01 AMS symbols B
) [1


{C:/ProgramData/MiKTeX/2.9/pdftex/config/pdftex.map}] [2] [3]

pdfTeX warning: pdflatex.exe (file C:/TeXlipse/workspace/ISJPaper/src/Fig1.pdf)
: PDF inclusion: found PDF version <1.6>, but at most version <1.5> allowed
<Fig1.pdf, id=21, 1384.17125pt x 657.45625pt>
File: Fig1.pdf Graphic file (type pdf)
 <use Fig1.pdf>
Package pdftex.def Info: Fig1.pdf used on input line 226.
(pdftex.def)             Requested size: 429.0pt x 203.75917pt.
 [4] [5 <C:/TeXlipse/workspace/ISJPaper/src/Fig1.pdf>]
<Fig2.pdf, id=31, 549.20662pt x 236.06248pt>
File: Fig2.pdf Graphic file (type pdf)
 <use Fig2.pdf>
Package pdftex.def Info: Fig2.pdf used on input line 302.
(pdftex.def)             Requested size: 429.0pt x 184.39813pt.
 [6] [7 <C:/TeXlipse/workspace/ISJPaper/src/Fig2.pdf>] [8]
<Fig3.pdf, id=51, 1581.97322pt x 480.85158pt>
File: Fig3.pdf Graphic file (type pdf)
 <use Fig3.pdf>
Package pdftex.def Info: Fig3.pdf used on input line 425.
(pdftex.def)             Requested size: 429.0pt x 130.39662pt.
 [9 <C:/TeXlipse/workspace/ISJPaper/src/Fig3.pdf>]
LaTeX Font Info:    Try loading font information for OMS+cmr on input line 501.


("C:\Program Files (x86)\MiKTeX 2.9\tex\latex\base\omscmr.fd"
File: omscmr.fd 1999/05/25 v2.5h Standard LaTeX font definitions
)
LaTeX Font Info:    Font shape `OMS/cmr/m/n' in size <12> not available
(Font)              Font shape `OMS/cmsy/m/n' tried instead on input line 501.
 [10] [11]
<Fig4.pdf, id=69, 1015.76338pt x 318.67087pt>
File: Fig4.pdf Graphic file (type pdf)
 <use Fig4.pdf>
Package pdftex.def Info: Fig4.pdf used on input line 613.
(pdftex.def)             Requested size: 386.09738pt x 121.12535pt.
 [12 <C:/TeXlipse/workspace/ISJPaper/src/Fig4.pdf>] [13] [14]
<Fig5.pdf, id=87, 731.79373pt x 268.34041pt>
File: Fig5.pdf Graphic file (type pdf)
 <use Fig5.pdf>
Package pdftex.def Info: Fig5.pdf used on input line 793.
(pdftex.def)             Requested size: 429.0pt x 157.3081pt.
 [15 <C:/TeXlipse/workspace/ISJPaper/src/Fig5.pdf>] [16]
<Fig6.pdf, id=103, 1014.34077pt x 266.03326pt>
File: Fig6.pdf Graphic file (type pdf)
 <use Fig6.pdf>
Package pdftex.def Info: Fig6.pdf used on input line 888.
(pdftex.def)             Requested size: 351.78314pt x 92.26462pt.
 [17 <C:/TeXlipse/workspace/ISJPaper/src/Fig6.pdf>] [18] [19]
<Fig7.pdf, id=122, 496.30402pt x 273.38142pt>
File: Fig7.pdf Graphic file (type pdf)
 <use Fig7.pdf>
Package pdftex.def Info: Fig7.pdf used on input line 1094.
(pdftex.def)             Requested size: 364.65262pt x 200.86827pt.
 [20] [21 <C:/TeXlipse/workspace/ISJPaper/src/Fig7.pdf>]
<Fig8.pdf, id=136, 497.05713pt x 276.3939pt>
File: Fig8.pdf Graphic file (type pdf)
 <use Fig8.pdf>
Package pdftex.def Info: Fig8.pdf used on input line 1186.
(pdftex.def)             Requested size: 364.65262pt x 202.77805pt.
 [22 <C:/TeXlipse/workspace/ISJPaper/src/Fig8.pdf>] <Fig9.pdf, id=147, 326.6798
pt x 291.30202pt>
File: Fig9.pdf Graphic file (type pdf)

<use Fig9.pdf>
Package pdftex.def Info: Fig9.pdf used on input line 1214.
(pdftex.def)             Requested size: 278.84738pt x 248.66576pt.
 [23 <C:/TeXlipse/workspace/ISJPaper/src/Fig9.pdf>]
<Fig10.pdf, id=158, 325.17435pt x 294.3129pt>
File: Fig10.pdf Graphic file (type pdf)
 <use Fig10.pdf>
Package pdftex.def Info: Fig10.pdf used on input line 1252.
(pdftex.def)             Requested size: 278.84738pt x 252.39459pt.
 [24 <C:/TeXlipse/workspace/ISJPaper/src/Fig10.pdf>] [25] [26] [27] [28] [29] [
30]
(C:\TeXlipse\workspace\ISJPaper\src\ISJPaper.aux) ) 
Here is how much of TeX's memory you used:
 2432 strings out of 493921
 31714 string characters out of 3144876
 89925 words of memory out of 3000000
 5700 multiletter control sequences out of 15000+200000
 13506 words of font info for 52 fonts, out of 3000000 for 9000
 841 hyphenation exceptions out of 8191
 34i,9n,30p,238b,333s stack positions out of 5000i,500n,10000p,200000b,50000s
<C:/Program Files (x86)/MiKT
eX 2.9/fonts/type1/public/amsfonts/cm/cmbx12.pfb><C:/Program Files (x86)/MiKTeX
 2.9/fonts/type1/public/amsfonts/cm/cmmi12.pfb><C:/Program Files (x86)/MiKTeX 2
.9/fonts/type1/public/amsfonts/cm/cmr10.pfb><C:/Program Files (x86)/MiKTeX 2.9/
fonts/type1/public/amsfonts/cm/cmr12.pfb><C:/Program Files (x86)/MiKTeX 2.9/fon
ts/type1/public/amsfonts/cm/cmr17.pfb><C:/Program Files (x86)/MiKTeX 2.9/fonts/
type1/public/amsfonts/cm/cmr7.pfb><C:/Program Files (x86)/MiKTeX 2.9/fonts/type
1/public/amsfonts/cm/cmr8.pfb><C:/Program Files (x86)/MiKTeX 2.9/fonts/type1/pu
blic/amsfonts/cm/cmsy10.pfb><C:/Program Files (x86)/MiKTeX 2.9/fonts/type1/publ
ic/amsfonts/cm/cmsy7.pfb><C:/Program Files (x86)/MiKTeX 2.9/fonts/type1/public/
amsfonts/cm/cmsy8.pfb><C:/Program Files (x86)/MiKTeX 2.9/fonts/type1/public/ams
fonts/cm/cmti10.pfb><C:/Program Files (x86)/MiKTeX 2.9/fonts/type1/public/amsfo
nts/cm/cmti12.pfb>
Output written on ISJPaper.pdf (30 pages, 1343786 bytes).
PDF statistics:
 226 PDF objects out of 1000 (max. 8388607)
 0 named destinations out of 1000 (max. 500000)
 51 words of extra memory for PDF output out of 10000 (max. 10000000)

